<?xml version="1.0" encoding="UTF-8"?>
<!-- Generated by org.testng.reporters.JUnitReportReporter -->
<testsuite hostname="N-5CG2145X6N" failures="0" tests="3" name="DataProviderTestNG.Dataprovier" time="0.011" errors="0" timestamp="2022-10-21T10:26:28 IST" skipped="0">
  <testcase classname="DataProviderTestNG.Dataprovier" name="testcaseData" time="0.008"/>
  <system-out/>
  <testcase classname="DataProviderTestNG.Dataprovier" name="testcaseData" time="0.002"/>
  <system-out/>
  <testcase classname="DataProviderTestNG.Dataprovier" name="testcaseData" time="0.001"/>
  <system-out/>
</testsuite> <!-- DataProviderTestNG.Dataprovier -->
