<?xml version="1.0" encoding="UTF-8"?>
<!-- Generated by org.testng.reporters.JUnitReportReporter -->
<testsuite hostname="N-5CG2145X6N" failures="0" tests="3" name="DataProviderTestNG.Excelfilez" time="0.014" errors="0" timestamp="2022-10-21T10:56:23 IST" skipped="0">
  <testcase classname="DataProviderTestNG.Excelfilez" name="testcaseData" time="0.001"/>
  <system-out/>
  <testcase classname="DataProviderTestNG.Excelfilez" name="testcaseData" time="0.012"/>
  <system-out/>
  <testcase classname="DataProviderTestNG.Excelfilez" name="testcaseData" time="0.001"/>
  <system-out/>
</testsuite> <!-- DataProviderTestNG.Excelfilez -->
